<?xml version="1.0" encoding="UTF-8"?>
<!-- Generated by org.testng.reporters.JUnitReportReporter -->
<testsuite skipped="0" hostname="Raghav-ANKIV001" name="FunctionalTests.HomePageTest" tests="2" failures="0" timestamp="07 Jul 2019 18:14:47 GMT" time="17.576" errors="0">
  <testcase name="verifyHomePageTitleTest" time="8.384" classname="FunctionalTests.HomePageTest"/>
  <testcase name="verifyContactInformationPageTest" time="9.192" classname="FunctionalTests.HomePageTest"/>
</testsuite> <!-- FunctionalTests.HomePageTest -->
