<?xml version="1.0" encoding="UTF-8"?>
<!-- Generated by org.testng.reporters.JUnitReportReporter -->
<testsuite skipped="0" hostname="Raghav-ANKIV001" name="FunctionalTests.LoginTest" tests="2" failures="0" timestamp="07 Jul 2019 18:14:47 GMT" time="14.647" errors="0">
  <testcase name="loginPageTitleTest" time="8.060" classname="FunctionalTests.LoginTest"/>
  <testcase name="freeCrmLoginTest" time="6.587" classname="FunctionalTests.LoginTest"/>
</testsuite> <!-- FunctionalTests.LoginTest -->
